2025-05-30T17:38:04.642+03:00  INFO 22820 --- [restartedMain] c.students.students.StudentsApplication  : Starting StudentsApplication using Java 17.0.15 with PID 22820 (E:\SpringBoot448\spring-boot-and-no-standalone-angular-18-simple-CRUD\students\target\classes started by walee in E:\SpringBoot448\spring-boot-and-no-standalone-angular-18-simple-CRUD\students)
2025-05-30T17:38:04.661+03:00  INFO 22820 --- [restartedMain] c.students.students.StudentsApplication  : No active profile set, falling back to 1 default profile: "default"
2025-05-30T17:38:04.719+03:00  INFO 22820 --- [restartedMain] .e.DevToolsPropertyDefaultsPostProcessor : Devtools property defaults active! Set 'spring.devtools.add-properties' to 'false' to disable
2025-05-30T17:38:04.719+03:00  INFO 22820 --- [restartedMain] .e.DevToolsPropertyDefaultsPostProcessor : For additional web related logging consider setting the 'logging.level.web' property to 'DEBUG'
2025-05-30T17:38:05.510+03:00  INFO 22820 --- [restartedMain] .s.d.r.c.RepositoryConfigurationDelegate : Multiple Spring Data modules found, entering strict repository configuration mode
2025-05-30T17:38:05.510+03:00  INFO 22820 --- [restartedMain] .s.d.r.c.RepositoryConfigurationDelegate : Bootstrapping Spring Data JDBC repositories in DEFAULT mode.
2025-05-30T17:38:05.552+03:00  INFO 22820 --- [restartedMain] .RepositoryConfigurationExtensionSupport : Spring Data JDBC - Could not safely identify store assignment for repository candidate interface com.students.students.repository.MarkRepository; If you want this repository to be a JDBC repository, consider annotating your entities with one of these annotations: org.springframework.data.relational.core.mapping.Table.
2025-05-30T17:38:05.554+03:00  INFO 22820 --- [restartedMain] .RepositoryConfigurationExtensionSupport : Spring Data JDBC - Could not safely identify store assignment for repository candidate interface com.students.students.repository.StudentRepository; If you want this repository to be a JDBC repository, consider annotating your entities with one of these annotations: org.springframework.data.relational.core.mapping.Table.
2025-05-30T17:38:05.554+03:00  INFO 22820 --- [restartedMain] .RepositoryConfigurationExtensionSupport : Spring Data JDBC - Could not safely identify store assignment for repository candidate interface com.students.students.repository.TeacherRepository; If you want this repository to be a JDBC repository, consider annotating your entities with one of these annotations: org.springframework.data.relational.core.mapping.Table.
2025-05-30T17:38:05.554+03:00  INFO 22820 --- [restartedMain] .s.d.r.c.RepositoryConfigurationDelegate : Finished Spring Data repository scanning in 40 ms. Found 0 JDBC repository interfaces.
2025-05-30T17:38:05.566+03:00  INFO 22820 --- [restartedMain] .s.d.r.c.RepositoryConfigurationDelegate : Multiple Spring Data modules found, entering strict repository configuration mode
2025-05-30T17:38:05.567+03:00  INFO 22820 --- [restartedMain] .s.d.r.c.RepositoryConfigurationDelegate : Bootstrapping Spring Data JPA repositories in DEFAULT mode.
2025-05-30T17:38:05.597+03:00  INFO 22820 --- [restartedMain] .s.d.r.c.RepositoryConfigurationDelegate : Finished Spring Data repository scanning in 27 ms. Found 3 JPA repository interfaces.
2025-05-30T17:38:06.082+03:00  INFO 22820 --- [restartedMain] o.s.b.w.embedded.tomcat.TomcatWebServer  : Tomcat initialized with port 8080 (http)
2025-05-30T17:38:06.092+03:00  INFO 22820 --- [restartedMain] o.apache.catalina.core.StandardService   : Starting service [Tomcat]
2025-05-30T17:38:06.098+03:00  INFO 22820 --- [restartedMain] o.apache.catalina.core.StandardEngine    : Starting Servlet engine: [Apache Tomcat/10.1.20]
2025-05-30T17:38:06.139+03:00  INFO 22820 --- [restartedMain] o.a.c.c.C.[Tomcat].[localhost].[/]       : Initializing Spring embedded WebApplicationContext
2025-05-30T17:38:06.139+03:00  INFO 22820 --- [restartedMain] w.s.c.ServletWebServerApplicationContext : Root WebApplicationContext: initialization completed in 1420 ms
2025-05-30T17:38:06.245+03:00  INFO 22820 --- [restartedMain] o.hibernate.jpa.internal.util.LogHelper  : HHH000204: Processing PersistenceUnitInfo [name: default]
2025-05-30T17:38:06.286+03:00  INFO 22820 --- [restartedMain] org.hibernate.Version                    : HHH000412: Hibernate ORM core version 6.4.4.Final
2025-05-30T17:38:06.310+03:00  INFO 22820 --- [restartedMain] o.h.c.internal.RegionFactoryInitiator    : HHH000026: Second-level cache disabled
2025-05-30T17:38:06.481+03:00  INFO 22820 --- [restartedMain] o.s.o.j.p.SpringPersistenceUnitInfo      : No LoadTimeWeaver setup: ignoring JPA class transformer
2025-05-30T17:38:06.516+03:00  INFO 22820 --- [restartedMain] com.zaxxer.hikari.HikariDataSource       : HikariPool-1 - Starting...
2025-05-30T17:38:06.672+03:00  INFO 22820 --- [restartedMain] com.zaxxer.hikari.pool.HikariPool        : HikariPool-1 - Added connection com.mysql.cj.jdbc.ConnectionImpl@50b7576
2025-05-30T17:38:06.672+03:00  INFO 22820 --- [restartedMain] com.zaxxer.hikari.HikariDataSource       : HikariPool-1 - Start completed.
2025-05-30T17:38:06.718+03:00  WARN 22820 --- [restartedMain] org.hibernate.dialect.Dialect            : HHH000511: The 5.5.0 version for [org.hibernate.dialect.MySQLDialect] is no longer supported, hence certain features may not work properly. The minimum supported version is 8.0.0. Check the community dialects project for available legacy versions.
2025-05-30T17:38:06.718+03:00  WARN 22820 --- [restartedMain] org.hibernate.orm.deprecation            : HHH90000025: MySQLDialect does not need to be specified explicitly using 'hibernate.dialect' (remove the property setting and it will be selected by default)
2025-05-30T17:38:07.629+03:00  INFO 22820 --- [restartedMain] o.h.e.t.j.p.i.JtaPlatformInitiator       : HHH000489: No JTA platform available (set 'hibernate.transaction.jta.platform' to enable JTA platform integration)
2025-05-30T17:38:07.729+03:00  INFO 22820 --- [restartedMain] j.LocalContainerEntityManagerFactoryBean : Initialized JPA EntityManagerFactory for persistence unit 'default'
2025-05-30T17:38:08.057+03:00  INFO 22820 --- [restartedMain] o.s.d.j.r.query.QueryEnhancerFactory     : JSqlParser is in classpath; If applicable, JSqlParser will be used
2025-05-30T17:38:08.057+03:00  INFO 22820 --- [restartedMain] o.s.d.j.r.query.QueryEnhancerFactory     : Hibernate is in classpath; If applicable, HQL parser will be used.
2025-05-30T17:38:08.479+03:00  WARN 22820 --- [restartedMain] JpaBaseConfiguration$JpaWebConfiguration : spring.jpa.open-in-view is enabled by default. Therefore, database queries may be performed during view rendering. Explicitly configure spring.jpa.open-in-view to disable this warning
2025-05-30T17:38:08.562+03:00 DEBUG 22820 --- [restartedMain] s.w.s.m.m.a.RequestMappingHandlerMapping : 24 mappings in 'requestMappingHandlerMapping'
2025-05-30T17:38:08.630+03:00 DEBUG 22820 --- [restartedMain] o.s.w.s.handler.SimpleUrlHandlerMapping  : Patterns [/webjars/**, /**, /swagger-ui*/*swagger-initializer.js, /swagger-ui*/**] in 'resourceHandlerMapping'
2025-05-30T17:38:08.657+03:00 DEBUG 22820 --- [restartedMain] s.w.s.m.m.a.RequestMappingHandlerAdapter : ControllerAdvice beans: 0 @ModelAttribute, 0 @InitBinder, 1 RequestBodyAdvice, 1 ResponseBodyAdvice
2025-05-30T17:38:08.686+03:00 DEBUG 22820 --- [restartedMain] .m.m.a.ExceptionHandlerExceptionResolver : ControllerAdvice beans: 1 @ExceptionHandler, 1 ResponseBodyAdvice
2025-05-30T17:38:08.865+03:00  INFO 22820 --- [restartedMain] o.s.b.d.a.OptionalLiveReloadServer       : LiveReload server is running on port 35729
2025-05-30T17:38:08.905+03:00  INFO 22820 --- [restartedMain] o.s.b.w.embedded.tomcat.TomcatWebServer  : Tomcat started on port 8080 (http) with context path ''
2025-05-30T17:38:08.917+03:00  INFO 22820 --- [restartedMain] c.students.students.StudentsApplication  : Started StudentsApplication in 4.673 seconds (process running for 5.083)
2025-05-30T17:41:51.348+03:00  INFO 23184 --- [restartedMain] c.students.students.StudentsApplication  : Starting StudentsApplication using Java 17.0.15 with PID 23184 (E:\SpringBoot448\spring-boot-and-no-standalone-angular-18-simple-CRUD\students\target\classes started by walee in E:\SpringBoot448\spring-boot-and-no-standalone-angular-18-simple-CRUD\students)
2025-05-30T17:41:51.351+03:00  INFO 23184 --- [restartedMain] c.students.students.StudentsApplication  : No active profile set, falling back to 1 default profile: "default"
2025-05-30T17:41:51.392+03:00  INFO 23184 --- [restartedMain] .e.DevToolsPropertyDefaultsPostProcessor : Devtools property defaults active! Set 'spring.devtools.add-properties' to 'false' to disable
2025-05-30T17:41:51.393+03:00  INFO 23184 --- [restartedMain] .e.DevToolsPropertyDefaultsPostProcessor : For additional web related logging consider setting the 'logging.level.web' property to 'DEBUG'
2025-05-30T17:41:52.000+03:00  INFO 23184 --- [restartedMain] .s.d.r.c.RepositoryConfigurationDelegate : Multiple Spring Data modules found, entering strict repository configuration mode
2025-05-30T17:41:52.000+03:00  INFO 23184 --- [restartedMain] .s.d.r.c.RepositoryConfigurationDelegate : Bootstrapping Spring Data JDBC repositories in DEFAULT mode.
2025-05-30T17:41:52.029+03:00  INFO 23184 --- [restartedMain] .RepositoryConfigurationExtensionSupport : Spring Data JDBC - Could not safely identify store assignment for repository candidate interface com.students.students.repository.MarkRepository; If you want this repository to be a JDBC repository, consider annotating your entities with one of these annotations: org.springframework.data.relational.core.mapping.Table.
2025-05-30T17:41:52.032+03:00  INFO 23184 --- [restartedMain] .RepositoryConfigurationExtensionSupport : Spring Data JDBC - Could not safely identify store assignment for repository candidate interface com.students.students.repository.StudentRepository; If you want this repository to be a JDBC repository, consider annotating your entities with one of these annotations: org.springframework.data.relational.core.mapping.Table.
2025-05-30T17:41:52.034+03:00  INFO 23184 --- [restartedMain] .RepositoryConfigurationExtensionSupport : Spring Data JDBC - Could not safely identify store assignment for repository candidate interface com.students.students.repository.TeacherRepository; If you want this repository to be a JDBC repository, consider annotating your entities with one of these annotations: org.springframework.data.relational.core.mapping.Table.
2025-05-30T17:41:52.035+03:00  INFO 23184 --- [restartedMain] .s.d.r.c.RepositoryConfigurationDelegate : Finished Spring Data repository scanning in 31 ms. Found 0 JDBC repository interfaces.
2025-05-30T17:41:52.045+03:00  INFO 23184 --- [restartedMain] .s.d.r.c.RepositoryConfigurationDelegate : Multiple Spring Data modules found, entering strict repository configuration mode
2025-05-30T17:41:52.046+03:00  INFO 23184 --- [restartedMain] .s.d.r.c.RepositoryConfigurationDelegate : Bootstrapping Spring Data JPA repositories in DEFAULT mode.
2025-05-30T17:41:52.079+03:00  INFO 23184 --- [restartedMain] .s.d.r.c.RepositoryConfigurationDelegate : Finished Spring Data repository scanning in 29 ms. Found 3 JPA repository interfaces.
2025-05-30T17:41:52.571+03:00  INFO 23184 --- [restartedMain] o.s.b.w.embedded.tomcat.TomcatWebServer  : Tomcat initialized with port 8080 (http)
2025-05-30T17:41:52.581+03:00  INFO 23184 --- [restartedMain] o.apache.catalina.core.StandardService   : Starting service [Tomcat]
2025-05-30T17:41:52.583+03:00  INFO 23184 --- [restartedMain] o.apache.catalina.core.StandardEngine    : Starting Servlet engine: [Apache Tomcat/10.1.20]
2025-05-30T17:41:52.629+03:00  INFO 23184 --- [restartedMain] o.a.c.c.C.[Tomcat].[localhost].[/]       : Initializing Spring embedded WebApplicationContext
2025-05-30T17:41:52.630+03:00  INFO 23184 --- [restartedMain] w.s.c.ServletWebServerApplicationContext : Root WebApplicationContext: initialization completed in 1236 ms
2025-05-30T17:41:52.736+03:00  INFO 23184 --- [restartedMain] o.hibernate.jpa.internal.util.LogHelper  : HHH000204: Processing PersistenceUnitInfo [name: default]
2025-05-30T17:41:52.780+03:00  INFO 23184 --- [restartedMain] org.hibernate.Version                    : HHH000412: Hibernate ORM core version 6.4.4.Final
2025-05-30T17:41:52.805+03:00  INFO 23184 --- [restartedMain] o.h.c.internal.RegionFactoryInitiator    : HHH000026: Second-level cache disabled
2025-05-30T17:41:52.980+03:00  INFO 23184 --- [restartedMain] o.s.o.j.p.SpringPersistenceUnitInfo      : No LoadTimeWeaver setup: ignoring JPA class transformer
2025-05-30T17:41:53.001+03:00  INFO 23184 --- [restartedMain] com.zaxxer.hikari.HikariDataSource       : HikariPool-1 - Starting...
2025-05-30T17:41:53.130+03:00  INFO 23184 --- [restartedMain] com.zaxxer.hikari.pool.HikariPool        : HikariPool-1 - Added connection com.mysql.cj.jdbc.ConnectionImpl@6b548ace
2025-05-30T17:41:53.132+03:00  INFO 23184 --- [restartedMain] com.zaxxer.hikari.HikariDataSource       : HikariPool-1 - Start completed.
2025-05-30T17:41:53.165+03:00  WARN 23184 --- [restartedMain] org.hibernate.dialect.Dialect            : HHH000511: The 5.5.0 version for [org.hibernate.dialect.MySQLDialect] is no longer supported, hence certain features may not work properly. The minimum supported version is 8.0.0. Check the community dialects project for available legacy versions.
2025-05-30T17:41:53.169+03:00  WARN 23184 --- [restartedMain] org.hibernate.orm.deprecation            : HHH90000025: MySQLDialect does not need to be specified explicitly using 'hibernate.dialect' (remove the property setting and it will be selected by default)
2025-05-30T17:41:53.925+03:00  INFO 23184 --- [restartedMain] o.h.e.t.j.p.i.JtaPlatformInitiator       : HHH000489: No JTA platform available (set 'hibernate.transaction.jta.platform' to enable JTA platform integration)
2025-05-30T17:41:53.989+03:00  INFO 23184 --- [restartedMain] j.LocalContainerEntityManagerFactoryBean : Initialized JPA EntityManagerFactory for persistence unit 'default'
2025-05-30T17:41:54.204+03:00  INFO 23184 --- [restartedMain] o.s.d.j.r.query.QueryEnhancerFactory     : JSqlParser is in classpath; If applicable, JSqlParser will be used
2025-05-30T17:41:54.205+03:00  INFO 23184 --- [restartedMain] o.s.d.j.r.query.QueryEnhancerFactory     : Hibernate is in classpath; If applicable, HQL parser will be used.
2025-05-30T17:41:54.599+03:00  WARN 23184 --- [restartedMain] JpaBaseConfiguration$JpaWebConfiguration : spring.jpa.open-in-view is enabled by default. Therefore, database queries may be performed during view rendering. Explicitly configure spring.jpa.open-in-view to disable this warning
2025-05-30T17:41:54.689+03:00 DEBUG 23184 --- [restartedMain] s.w.s.m.m.a.RequestMappingHandlerMapping : 24 mappings in 'requestMappingHandlerMapping'
2025-05-30T17:41:54.749+03:00 DEBUG 23184 --- [restartedMain] o.s.w.s.handler.SimpleUrlHandlerMapping  : Patterns [/webjars/**, /**, /swagger-ui*/*swagger-initializer.js, /swagger-ui*/**] in 'resourceHandlerMapping'
2025-05-30T17:41:54.778+03:00 DEBUG 23184 --- [restartedMain] s.w.s.m.m.a.RequestMappingHandlerAdapter : ControllerAdvice beans: 0 @ModelAttribute, 0 @InitBinder, 1 RequestBodyAdvice, 1 ResponseBodyAdvice
2025-05-30T17:41:54.807+03:00 DEBUG 23184 --- [restartedMain] .m.m.a.ExceptionHandlerExceptionResolver : ControllerAdvice beans: 1 @ExceptionHandler, 1 ResponseBodyAdvice
2025-05-30T17:41:54.988+03:00  INFO 23184 --- [restartedMain] o.s.b.d.a.OptionalLiveReloadServer       : LiveReload server is running on port 35729
2025-05-30T17:41:55.039+03:00  INFO 23184 --- [restartedMain] o.s.b.w.embedded.tomcat.TomcatWebServer  : Tomcat started on port 8080 (http) with context path ''
2025-05-30T17:41:55.047+03:00  INFO 23184 --- [restartedMain] c.students.students.StudentsApplication  : Started StudentsApplication in 4.029 seconds (process running for 4.351)
2025-05-30T17:43:33.003+03:00  INFO 23184 --- [http-nio-8080-exec-1] o.a.c.c.C.[Tomcat].[localhost].[/]       : Initializing Spring DispatcherServlet 'dispatcherServlet'
2025-05-30T17:43:33.004+03:00  INFO 23184 --- [http-nio-8080-exec-1] o.s.web.servlet.DispatcherServlet        : Initializing Servlet 'dispatcherServlet'
2025-05-30T17:43:33.005+03:00 DEBUG 23184 --- [http-nio-8080-exec-1] o.s.web.servlet.DispatcherServlet        : Detected StandardServletMultipartResolver
2025-05-30T17:43:33.005+03:00 DEBUG 23184 --- [http-nio-8080-exec-1] o.s.web.servlet.DispatcherServlet        : Detected AcceptHeaderLocaleResolver
2025-05-30T17:43:33.006+03:00 DEBUG 23184 --- [http-nio-8080-exec-1] o.s.web.servlet.DispatcherServlet        : Detected FixedThemeResolver
2025-05-30T17:43:33.007+03:00 DEBUG 23184 --- [http-nio-8080-exec-1] o.s.web.servlet.DispatcherServlet        : Detected org.springframework.web.servlet.view.DefaultRequestToViewNameTranslator@1e11107a
2025-05-30T17:43:33.010+03:00 DEBUG 23184 --- [http-nio-8080-exec-1] o.s.web.servlet.DispatcherServlet        : Detected org.springframework.web.servlet.support.SessionFlashMapManager@7ece2f2d
2025-05-30T17:43:33.011+03:00 DEBUG 23184 --- [http-nio-8080-exec-1] o.s.web.servlet.DispatcherServlet        : enableLoggingRequestDetails='false': request parameters and headers will be masked to prevent unsafe logging of potentially sensitive data
2025-05-30T17:43:33.011+03:00  INFO 23184 --- [http-nio-8080-exec-1] o.s.web.servlet.DispatcherServlet        : Completed initialization in 6 ms
2025-05-30T17:43:33.030+03:00 DEBUG 23184 --- [http-nio-8080-exec-1] o.s.web.servlet.DispatcherServlet        : GET "/student/get/all", parameters={}
2025-05-30T17:43:33.063+03:00 DEBUG 23184 --- [http-nio-8080-exec-1] s.w.s.m.m.a.RequestMappingHandlerMapping : Mapped to com.students.students.controller.StudentController#getAllStudent()
2025-05-30T17:43:33.197+03:00 DEBUG 23184 --- [http-nio-8080-exec-1] o.s.w.s.m.m.a.HttpEntityMethodProcessor  : Using 'application/json', given [application/json, text/plain, */*] and supported [application/json, application/*+json]
2025-05-30T17:43:33.198+03:00 DEBUG 23184 --- [http-nio-8080-exec-1] o.s.w.s.m.m.a.HttpEntityMethodProcessor  : Writing [[]]
2025-05-30T17:43:33.217+03:00 DEBUG 23184 --- [http-nio-8080-exec-1] o.s.web.servlet.DispatcherServlet        : Completed 200 OK
2025-05-30T17:43:33.692+03:00 DEBUG 23184 --- [http-nio-8080-exec-3] o.s.web.servlet.DispatcherServlet        : GET "/student/get/all", parameters={}
2025-05-30T17:43:33.692+03:00 DEBUG 23184 --- [http-nio-8080-exec-3] s.w.s.m.m.a.RequestMappingHandlerMapping : Mapped to com.students.students.controller.StudentController#getAllStudent()
2025-05-30T17:43:33.707+03:00 DEBUG 23184 --- [http-nio-8080-exec-3] o.s.w.s.m.m.a.HttpEntityMethodProcessor  : Using 'application/json', given [application/json, text/plain, */*] and supported [application/json, application/*+json]
2025-05-30T17:43:33.708+03:00 DEBUG 23184 --- [http-nio-8080-exec-3] o.s.w.s.m.m.a.HttpEntityMethodProcessor  : Writing [[]]
2025-05-30T17:43:33.711+03:00 DEBUG 23184 --- [http-nio-8080-exec-3] o.s.web.servlet.DispatcherServlet        : Completed 200 OK
2025-05-30T17:44:34.174+03:00 DEBUG 23184 --- [http-nio-8080-exec-4] o.s.web.servlet.DispatcherServlet        : OPTIONS "/student/create", parameters={}
2025-05-30T17:44:34.175+03:00 DEBUG 23184 --- [http-nio-8080-exec-4] s.w.s.m.m.a.RequestMappingHandlerMapping : Mapped to com.students.students.controller.StudentController#createStudent(Student)
2025-05-30T17:44:34.177+03:00 DEBUG 23184 --- [http-nio-8080-exec-4] o.s.web.servlet.DispatcherServlet        : Completed 200 OK
2025-05-30T17:44:34.182+03:00 DEBUG 23184 --- [http-nio-8080-exec-2] o.s.web.servlet.DispatcherServlet        : POST "/student/create", parameters={}
2025-05-30T17:44:34.182+03:00 DEBUG 23184 --- [http-nio-8080-exec-2] s.w.s.m.m.a.RequestMappingHandlerMapping : Mapped to com.students.students.controller.StudentController#createStudent(Student)
2025-05-30T17:44:34.263+03:00 DEBUG 23184 --- [http-nio-8080-exec-2] m.m.a.RequestResponseBodyMethodProcessor : Read "application/json;charset=UTF-8" to [Student(studentId=0, studentName=waleed ahmed ali, studentNrc=01010048296, age=38, dateOfBirth=1987- (truncated)...]
2025-05-30T17:44:34.362+03:00 DEBUG 23184 --- [http-nio-8080-exec-2] o.s.w.s.m.m.a.HttpEntityMethodProcessor  : Using 'application/json', given [application/json, text/plain, */*] and supported [application/json, application/*+json]
2025-05-30T17:44:34.368+03:00 DEBUG 23184 --- [http-nio-8080-exec-2] o.s.w.s.m.m.a.HttpEntityMethodProcessor  : Writing [java.lang.StackOverflowError]
2025-05-30T17:44:34.377+03:00 DEBUG 23184 --- [http-nio-8080-exec-2] o.s.web.servlet.DispatcherServlet        : Completed 200 OK
2025-05-30T17:44:34.437+03:00 DEBUG 23184 --- [http-nio-8080-exec-9] o.s.web.servlet.DispatcherServlet        : GET "/student/get/all", parameters={}
2025-05-30T17:44:34.439+03:00 DEBUG 23184 --- [http-nio-8080-exec-9] s.w.s.m.m.a.RequestMappingHandlerMapping : Mapped to com.students.students.controller.StudentController#getAllStudent()
2025-05-30T17:44:34.482+03:00 DEBUG 23184 --- [http-nio-8080-exec-9] o.s.w.s.m.m.a.HttpEntityMethodProcessor  : Using 'application/json', given [application/json, text/plain, */*] and supported [application/json, application/*+json]
2025-05-30T17:44:34.484+03:00 DEBUG 23184 --- [http-nio-8080-exec-9] o.s.w.s.m.m.a.HttpEntityMethodProcessor  : Writing [java.lang.StackOverflowError]
2025-05-30T17:44:34.485+03:00 DEBUG 23184 --- [http-nio-8080-exec-9] o.s.web.servlet.DispatcherServlet        : Completed 200 OK
2025-05-30T17:44:34.526+03:00 DEBUG 23184 --- [http-nio-8080-exec-8] o.s.web.servlet.DispatcherServlet        : GET "/", parameters={}
2025-05-30T17:44:34.531+03:00 DEBUG 23184 --- [http-nio-8080-exec-8] o.s.w.s.handler.SimpleUrlHandlerMapping  : Mapped to ResourceHttpRequestHandler [classpath [META-INF/resources/], classpath [resources/], classpath [static/], classpath [public/], ServletContext [/]]
2025-05-30T17:44:34.533+03:00 DEBUG 23184 --- [http-nio-8080-exec-8] o.s.w.s.r.ResourceHttpRequestHandler     : Resource not found
2025-05-30T17:44:34.539+03:00 DEBUG 23184 --- [http-nio-8080-exec-8] .w.s.m.s.DefaultHandlerExceptionResolver : Resolved [org.springframework.web.servlet.resource.NoResourceFoundException: No static resource .]
2025-05-30T17:44:34.540+03:00 DEBUG 23184 --- [http-nio-8080-exec-8] o.s.web.servlet.DispatcherServlet        : Completed 404 NOT_FOUND
2025-05-30T17:44:34.550+03:00 DEBUG 23184 --- [http-nio-8080-exec-8] o.s.web.servlet.DispatcherServlet        : "ERROR" dispatch for GET "/error", parameters={}
2025-05-30T17:44:34.552+03:00 DEBUG 23184 --- [http-nio-8080-exec-8] s.w.s.m.m.a.RequestMappingHandlerMapping : Mapped to org.springframework.boot.autoconfigure.web.servlet.error.BasicErrorController#error(HttpServletRequest)
2025-05-30T17:44:34.559+03:00 DEBUG 23184 --- [http-nio-8080-exec-8] o.s.w.s.m.m.a.HttpEntityMethodProcessor  : Using 'application/json;q=0.8', given [image/avif, image/webp, image/apng, image/svg+xml, image/*, */*;q=0.8] and supported [application/json, application/*+json]
2025-05-30T17:44:34.563+03:00 DEBUG 23184 --- [http-nio-8080-exec-8] o.s.w.s.m.m.a.HttpEntityMethodProcessor  : Writing [{timestamp=Fri May 30 17:44:34 AST 2025, status=404, error=Not Found, trace=org.springframework.web. (truncated)...]
2025-05-30T17:44:34.571+03:00 DEBUG 23184 --- [http-nio-8080-exec-8] o.s.web.servlet.DispatcherServlet        : Exiting from "ERROR" dispatch, status 404
2025-05-30T17:44:34.601+03:00 DEBUG 23184 --- [http-nio-8080-exec-7] o.s.web.servlet.DispatcherServlet        : GET "/student/get/all", parameters={}
2025-05-30T17:44:34.602+03:00 DEBUG 23184 --- [http-nio-8080-exec-7] s.w.s.m.m.a.RequestMappingHandlerMapping : Mapped to com.students.students.controller.StudentController#getAllStudent()
2025-05-30T17:44:34.615+03:00 DEBUG 23184 --- [http-nio-8080-exec-7] o.s.w.s.m.m.a.HttpEntityMethodProcessor  : Using 'application/json', given [application/json, text/plain, */*] and supported [application/json, application/*+json]
2025-05-30T17:44:34.619+03:00 DEBUG 23184 --- [http-nio-8080-exec-7] o.s.w.s.m.m.a.HttpEntityMethodProcessor  : Writing [java.lang.StackOverflowError]
2025-05-30T17:44:34.623+03:00 DEBUG 23184 --- [http-nio-8080-exec-7] o.s.web.servlet.DispatcherServlet        : Completed 200 OK
2025-05-30T17:44:34.656+03:00 DEBUG 23184 --- [http-nio-8080-exec-10] o.s.web.servlet.DispatcherServlet        : GET "/", parameters={}
2025-05-30T17:44:34.659+03:00 DEBUG 23184 --- [http-nio-8080-exec-10] o.s.w.s.handler.SimpleUrlHandlerMapping  : Mapped to ResourceHttpRequestHandler [classpath [META-INF/resources/], classpath [resources/], classpath [static/], classpath [public/], ServletContext [/]]
2025-05-30T17:44:34.659+03:00 DEBUG 23184 --- [http-nio-8080-exec-10] o.s.w.s.r.ResourceHttpRequestHandler     : Resource not found
2025-05-30T17:44:34.660+03:00 DEBUG 23184 --- [http-nio-8080-exec-10] .w.s.m.s.DefaultHandlerExceptionResolver : Resolved [org.springframework.web.servlet.resource.NoResourceFoundException: No static resource .]
2025-05-30T17:44:34.660+03:00 DEBUG 23184 --- [http-nio-8080-exec-10] o.s.web.servlet.DispatcherServlet        : Completed 404 NOT_FOUND
2025-05-30T17:44:34.661+03:00 DEBUG 23184 --- [http-nio-8080-exec-10] o.s.web.servlet.DispatcherServlet        : "ERROR" dispatch for GET "/error", parameters={}
2025-05-30T17:44:34.662+03:00 DEBUG 23184 --- [http-nio-8080-exec-10] s.w.s.m.m.a.RequestMappingHandlerMapping : Mapped to org.springframework.boot.autoconfigure.web.servlet.error.BasicErrorController#error(HttpServletRequest)
2025-05-30T17:44:34.664+03:00 DEBUG 23184 --- [http-nio-8080-exec-10] o.s.w.s.m.m.a.HttpEntityMethodProcessor  : Using 'application/json;q=0.8', given [image/avif, image/webp, image/apng, image/svg+xml, image/*, */*;q=0.8] and supported [application/json, application/*+json]
2025-05-30T17:44:34.665+03:00 DEBUG 23184 --- [http-nio-8080-exec-10] o.s.w.s.m.m.a.HttpEntityMethodProcessor  : Writing [{timestamp=Fri May 30 17:44:34 AST 2025, status=404, error=Not Found, trace=org.springframework.web. (truncated)...]
2025-05-30T17:44:34.667+03:00 DEBUG 23184 --- [http-nio-8080-exec-10] o.s.web.servlet.DispatcherServlet        : Exiting from "ERROR" dispatch, status 404
2025-05-30T17:44:46.753+03:00 DEBUG 23184 --- [http-nio-8080-exec-6] o.s.web.servlet.DispatcherServlet        : GET "/student/get/1", parameters={}
2025-05-30T17:44:46.754+03:00 DEBUG 23184 --- [http-nio-8080-exec-1] o.s.web.servlet.DispatcherServlet        : GET "/", parameters={}
2025-05-30T17:44:46.754+03:00 DEBUG 23184 --- [http-nio-8080-exec-6] s.w.s.m.m.a.RequestMappingHandlerMapping : Mapped to com.students.students.controller.StudentController#getStudent(int)
2025-05-30T17:44:46.754+03:00 DEBUG 23184 --- [http-nio-8080-exec-1] o.s.w.s.handler.SimpleUrlHandlerMapping  : Mapped to ResourceHttpRequestHandler [classpath [META-INF/resources/], classpath [resources/], classpath [static/], classpath [public/], ServletContext [/]]
2025-05-30T17:44:46.755+03:00 DEBUG 23184 --- [http-nio-8080-exec-1] o.s.w.s.r.ResourceHttpRequestHandler     : Resource not found
2025-05-30T17:44:46.755+03:00 DEBUG 23184 --- [http-nio-8080-exec-1] .w.s.m.s.DefaultHandlerExceptionResolver : Resolved [org.springframework.web.servlet.resource.NoResourceFoundException: No static resource .]
2025-05-30T17:44:46.755+03:00 DEBUG 23184 --- [http-nio-8080-exec-1] o.s.web.servlet.DispatcherServlet        : Completed 404 NOT_FOUND
2025-05-30T17:44:46.756+03:00 DEBUG 23184 --- [http-nio-8080-exec-1] o.s.web.servlet.DispatcherServlet        : "ERROR" dispatch for GET "/error", parameters={}
2025-05-30T17:44:46.757+03:00 DEBUG 23184 --- [http-nio-8080-exec-1] s.w.s.m.m.a.RequestMappingHandlerMapping : Mapped to org.springframework.boot.autoconfigure.web.servlet.error.BasicErrorController#error(HttpServletRequest)
2025-05-30T17:44:46.757+03:00 DEBUG 23184 --- [http-nio-8080-exec-1] o.s.w.s.m.m.a.HttpEntityMethodProcessor  : Using 'application/json;q=0.8', given [image/avif, image/webp, image/apng, image/svg+xml, image/*, */*;q=0.8] and supported [application/json, application/*+json]
2025-05-30T17:44:46.759+03:00 DEBUG 23184 --- [http-nio-8080-exec-1] o.s.w.s.m.m.a.HttpEntityMethodProcessor  : Writing [{timestamp=Fri May 30 17:44:46 AST 2025, status=404, error=Not Found, trace=org.springframework.web. (truncated)...]
2025-05-30T17:44:46.760+03:00 DEBUG 23184 --- [http-nio-8080-exec-1] o.s.web.servlet.DispatcherServlet        : Exiting from "ERROR" dispatch, status 404
2025-05-30T17:44:46.784+03:00 DEBUG 23184 --- [http-nio-8080-exec-6] o.s.w.s.m.m.a.HttpEntityMethodProcessor  : Using 'application/json', given [application/json, text/plain, */*] and supported [application/json, application/*+json]
2025-05-30T17:44:46.787+03:00 DEBUG 23184 --- [http-nio-8080-exec-6] o.s.w.s.m.m.a.HttpEntityMethodProcessor  : Writing [java.lang.StackOverflowError]
2025-05-30T17:44:46.788+03:00 DEBUG 23184 --- [http-nio-8080-exec-6] o.s.web.servlet.DispatcherServlet        : Completed 200 OK
2025-05-30T17:44:50.435+03:00 DEBUG 23184 --- [http-nio-8080-exec-3] o.s.web.servlet.DispatcherServlet        : GET "/", parameters={}
2025-05-30T17:44:50.436+03:00 DEBUG 23184 --- [http-nio-8080-exec-3] o.s.w.s.handler.SimpleUrlHandlerMapping  : Mapped to ResourceHttpRequestHandler [classpath [META-INF/resources/], classpath [resources/], classpath [static/], classpath [public/], ServletContext [/]]
2025-05-30T17:44:50.437+03:00 DEBUG 23184 --- [http-nio-8080-exec-3] o.s.w.s.r.ResourceHttpRequestHandler     : Resource not found
2025-05-30T17:44:50.438+03:00 DEBUG 23184 --- [http-nio-8080-exec-3] .w.s.m.s.DefaultHandlerExceptionResolver : Resolved [org.springframework.web.servlet.resource.NoResourceFoundException: No static resource .]
2025-05-30T17:44:50.438+03:00 DEBUG 23184 --- [http-nio-8080-exec-3] o.s.web.servlet.DispatcherServlet        : Completed 404 NOT_FOUND
2025-05-30T17:44:50.439+03:00 DEBUG 23184 --- [http-nio-8080-exec-3] o.s.web.servlet.DispatcherServlet        : "ERROR" dispatch for GET "/error", parameters={}
2025-05-30T17:44:50.440+03:00 DEBUG 23184 --- [http-nio-8080-exec-3] s.w.s.m.m.a.RequestMappingHandlerMapping : Mapped to org.springframework.boot.autoconfigure.web.servlet.error.BasicErrorController#error(HttpServletRequest)
2025-05-30T17:44:50.441+03:00 DEBUG 23184 --- [http-nio-8080-exec-3] o.s.w.s.m.m.a.HttpEntityMethodProcessor  : Using 'application/json;q=0.8', given [image/avif, image/webp, image/apng, image/svg+xml, image/*, */*;q=0.8] and supported [application/json, application/*+json]
2025-05-30T17:44:50.441+03:00 DEBUG 23184 --- [http-nio-8080-exec-3] o.s.w.s.m.m.a.HttpEntityMethodProcessor  : Writing [{timestamp=Fri May 30 17:44:50 AST 2025, status=404, error=Not Found, trace=org.springframework.web. (truncated)...]
2025-05-30T17:44:50.443+03:00 DEBUG 23184 --- [http-nio-8080-exec-3] o.s.web.servlet.DispatcherServlet        : Exiting from "ERROR" dispatch, status 404
2025-05-30T17:44:55.177+03:00 DEBUG 23184 --- [http-nio-8080-exec-5] o.s.web.servlet.DispatcherServlet        : OPTIONS "/student/file/update", parameters={}
2025-05-30T17:44:55.177+03:00 DEBUG 23184 --- [http-nio-8080-exec-5] s.w.s.m.m.a.RequestMappingHandlerMapping : Mapped to com.students.students.controller.StudentController#updateFile(MultipartFile, String, String)
2025-05-30T17:44:55.178+03:00 DEBUG 23184 --- [http-nio-8080-exec-5] o.s.web.servlet.DispatcherServlet        : Completed 200 OK
2025-05-30T17:44:55.180+03:00 DEBUG 23184 --- [http-nio-8080-exec-4] o.s.web.servlet.DispatcherServlet        : PUT "/student/file/update", parameters={multipart}
2025-05-30T17:44:55.208+03:00 DEBUG 23184 --- [http-nio-8080-exec-4] s.w.s.m.m.a.RequestMappingHandlerMapping : Mapped to com.students.students.controller.StudentController#updateFile(MultipartFile, String, String)
2025-05-30T17:44:55.218+03:00  WARN 23184 --- [http-nio-8080-exec-4] c.s.s.serviceImpl.StorageServiceImpl     : File not found or is a directory: students/1
2025-05-30T17:44:55.219+03:00 DEBUG 23184 --- [http-nio-8080-exec-4] o.s.w.s.m.m.a.HttpEntityMethodProcessor  : Using 'application/json', given [application/json, text/plain, */*] and supported [text/plain, */*, application/json, application/*+json]
2025-05-30T17:44:55.220+03:00 DEBUG 23184 --- [http-nio-8080-exec-4] o.s.w.s.m.m.a.HttpEntityMethodProcessor  : Writing ["/media/png/1748616295_waleed.jpg"]
2025-05-30T17:44:55.222+03:00 DEBUG 23184 --- [http-nio-8080-exec-4] o.s.web.servlet.DispatcherServlet        : Completed 200 OK
2025-05-30T17:44:55.224+03:00 DEBUG 23184 --- [http-nio-8080-exec-4] o.s.web.servlet.DispatcherServlet        : OPTIONS "/student/update/1", parameters={}
2025-05-30T17:44:55.225+03:00 DEBUG 23184 --- [http-nio-8080-exec-4] s.w.s.m.m.a.RequestMappingHandlerMapping : Mapped to com.students.students.controller.StudentController#updateStudent(int, Student)
2025-05-30T17:44:55.227+03:00 DEBUG 23184 --- [http-nio-8080-exec-4] o.s.web.servlet.DispatcherServlet        : Completed 200 OK
2025-05-30T17:44:55.228+03:00 DEBUG 23184 --- [http-nio-8080-exec-2] o.s.web.servlet.DispatcherServlet        : GET "/media/png/1748616295_waleed.jpg", parameters={}
2025-05-30T17:44:55.228+03:00 DEBUG 23184 --- [http-nio-8080-exec-2] s.w.s.m.m.a.RequestMappingHandlerMapping : Mapped to com.students.students.controller.StorageServiceController#getPoster(String, String)
2025-05-30T17:44:55.229+03:00 DEBUG 23184 --- [http-nio-8080-exec-9] o.s.web.servlet.DispatcherServlet        : PUT "/student/update/1", parameters={}
2025-05-30T17:44:55.230+03:00 DEBUG 23184 --- [http-nio-8080-exec-9] s.w.s.m.m.a.RequestMappingHandlerMapping : Mapped to com.students.students.controller.StudentController#updateStudent(int, Student)
2025-05-30T17:44:55.232+03:00 DEBUG 23184 --- [http-nio-8080-exec-9] m.m.a.RequestResponseBodyMethodProcessor : Read "application/json;charset=UTF-8" to [Student(studentId=1, studentName=waleed ahmed ali, studentNrc=01010048296, age=38, dateOfBirth=1987- (truncated)...]
2025-05-30T17:44:55.247+03:00 DEBUG 23184 --- [http-nio-8080-exec-2] o.s.w.s.m.m.a.HttpEntityMethodProcessor  : Found 'Content-Type:image/png' in response
2025-05-30T17:44:55.266+03:00 DEBUG 23184 --- [http-nio-8080-exec-9] o.s.w.s.m.m.a.HttpEntityMethodProcessor  : Using 'application/json', given [application/json, text/plain, */*] and supported [application/json, application/*+json]
2025-05-30T17:44:55.267+03:00 DEBUG 23184 --- [http-nio-8080-exec-9] o.s.w.s.m.m.a.HttpEntityMethodProcessor  : Writing [java.lang.StackOverflowError]
2025-05-30T17:44:55.269+03:00 DEBUG 23184 --- [http-nio-8080-exec-9] o.s.web.servlet.DispatcherServlet        : Completed 200 OK
2025-05-30T17:44:55.272+03:00 DEBUG 23184 --- [http-nio-8080-exec-2] o.s.w.s.m.m.a.HttpEntityMethodProcessor  : Writing [{-1, -40, -1, -32, 0, 16, 74, 70, 73, 70, 0, 1, 1, 0, 0, 1, 0, 1, 0, 0, -1, -37, 0, 67, 0, 1, 1, 1,  (truncated)...]
2025-05-30T17:44:55.276+03:00 DEBUG 23184 --- [http-nio-8080-exec-2] o.s.web.servlet.DispatcherServlet        : Completed 200 OK
2025-05-30T17:44:58.829+03:00 DEBUG 23184 --- [http-nio-8080-exec-8] o.s.web.servlet.DispatcherServlet        : GET "/student/get/all", parameters={}
2025-05-30T17:44:58.829+03:00 DEBUG 23184 --- [http-nio-8080-exec-8] s.w.s.m.m.a.RequestMappingHandlerMapping : Mapped to com.students.students.controller.StudentController#getAllStudent()
2025-05-30T17:44:58.838+03:00 DEBUG 23184 --- [http-nio-8080-exec-8] o.s.w.s.m.m.a.HttpEntityMethodProcessor  : Using 'application/json', given [application/json, text/plain, */*] and supported [application/json, application/*+json]
2025-05-30T17:44:58.840+03:00 DEBUG 23184 --- [http-nio-8080-exec-8] o.s.w.s.m.m.a.HttpEntityMethodProcessor  : Writing [java.lang.StackOverflowError]
2025-05-30T17:44:58.841+03:00 DEBUG 23184 --- [http-nio-8080-exec-8] o.s.web.servlet.DispatcherServlet        : Completed 200 OK
2025-05-30T17:58:34.758+03:00 DEBUG 23184 --- [http-nio-8080-exec-6] o.s.web.servlet.DispatcherServlet        : GET "/student/get/1", parameters={}
2025-05-30T17:58:34.758+03:00 DEBUG 23184 --- [http-nio-8080-exec-3] o.s.web.servlet.DispatcherServlet        : GET "/", parameters={}
2025-05-30T17:58:34.759+03:00 DEBUG 23184 --- [http-nio-8080-exec-6] s.w.s.m.m.a.RequestMappingHandlerMapping : Mapped to com.students.students.controller.StudentController#getStudent(int)
2025-05-30T17:58:34.760+03:00 DEBUG 23184 --- [http-nio-8080-exec-3] o.s.w.s.handler.SimpleUrlHandlerMapping  : Mapped to ResourceHttpRequestHandler [classpath [META-INF/resources/], classpath [resources/], classpath [static/], classpath [public/], ServletContext [/]]
2025-05-30T17:58:34.761+03:00 DEBUG 23184 --- [http-nio-8080-exec-3] o.s.w.s.r.ResourceHttpRequestHandler     : Resource not found
2025-05-30T17:58:34.762+03:00 DEBUG 23184 --- [http-nio-8080-exec-3] .w.s.m.s.DefaultHandlerExceptionResolver : Resolved [org.springframework.web.servlet.resource.NoResourceFoundException: No static resource .]
2025-05-30T17:58:34.762+03:00 DEBUG 23184 --- [http-nio-8080-exec-3] o.s.web.servlet.DispatcherServlet        : Completed 404 NOT_FOUND
2025-05-30T17:58:34.763+03:00 DEBUG 23184 --- [http-nio-8080-exec-3] o.s.web.servlet.DispatcherServlet        : "ERROR" dispatch for GET "/error", parameters={}
2025-05-30T17:58:34.765+03:00 DEBUG 23184 --- [http-nio-8080-exec-3] s.w.s.m.m.a.RequestMappingHandlerMapping : Mapped to org.springframework.boot.autoconfigure.web.servlet.error.BasicErrorController#error(HttpServletRequest)
2025-05-30T17:58:34.767+03:00 DEBUG 23184 --- [http-nio-8080-exec-3] o.s.w.s.m.m.a.HttpEntityMethodProcessor  : Using 'application/json;q=0.8', given [image/avif, image/webp, image/apng, image/svg+xml, image/*, */*;q=0.8] and supported [application/json, application/*+json]
2025-05-30T17:58:34.767+03:00 DEBUG 23184 --- [http-nio-8080-exec-3] o.s.w.s.m.m.a.HttpEntityMethodProcessor  : Writing [{timestamp=Fri May 30 17:58:34 AST 2025, status=404, error=Not Found, trace=org.springframework.web. (truncated)...]
2025-05-30T17:58:34.770+03:00 DEBUG 23184 --- [http-nio-8080-exec-3] o.s.web.servlet.DispatcherServlet        : Exiting from "ERROR" dispatch, status 404
2025-05-30T17:58:34.774+03:00 DEBUG 23184 --- [http-nio-8080-exec-6] o.s.w.s.m.m.a.HttpEntityMethodProcessor  : Using 'application/json', given [application/json, text/plain, */*] and supported [application/json, application/*+json]
2025-05-30T17:58:34.777+03:00 DEBUG 23184 --- [http-nio-8080-exec-6] o.s.w.s.m.m.a.HttpEntityMethodProcessor  : Writing [java.lang.StackOverflowError]
2025-05-30T17:58:34.779+03:00 DEBUG 23184 --- [http-nio-8080-exec-6] o.s.web.servlet.DispatcherServlet        : Completed 200 OK
2025-05-30T17:58:42.134+03:00 DEBUG 23184 --- [http-nio-8080-exec-5] o.s.web.servlet.DispatcherServlet        : GET "/student/get/all", parameters={}
2025-05-30T17:58:42.134+03:00 DEBUG 23184 --- [http-nio-8080-exec-5] s.w.s.m.m.a.RequestMappingHandlerMapping : Mapped to com.students.students.controller.StudentController#getAllStudent()
2025-05-30T17:58:42.145+03:00 DEBUG 23184 --- [http-nio-8080-exec-5] o.s.w.s.m.m.a.HttpEntityMethodProcessor  : Using 'application/json', given [application/json, text/plain, */*] and supported [application/json, application/*+json]
2025-05-30T17:58:42.148+03:00 DEBUG 23184 --- [http-nio-8080-exec-5] o.s.w.s.m.m.a.HttpEntityMethodProcessor  : Writing [java.lang.StackOverflowError]
2025-05-30T17:58:42.152+03:00 DEBUG 23184 --- [http-nio-8080-exec-5] o.s.web.servlet.DispatcherServlet        : Completed 200 OK
